<?xml version="1.0" encoding="UTF-8"?>
<!-- Generated by org.testng.reporters.JUnitReportReporter -->
<testsuite hostname="LAPTOP-SNVRRDPU" failures="0" tests="1" name="com.w2a.testcases.BankManagerLoginTest" time="4.012" errors="0" timestamp="29 Jun 2021 00:15:49 GMT" skipped="0">
  <testcase classname="com.w2a.testcases.BankManagerLoginTest" name="loginAsBankManager" time="4.012"/>
</testsuite> <!-- com.w2a.testcases.BankManagerLoginTest -->
