<?xml version="1.0" encoding="UTF-8"?>
<!-- Generated by org.testng.reporters.JUnitReportReporter -->
<testsuite hostname="LAPTOP-SNVRRDPU" failures="0" tests="1" name="com.w2a.testcases.LoginTest" time="3.222" errors="0" timestamp="25 Jun 2021 01:06:48 GMT" skipped="0">
  <testcase classname="com.w2a.testcases.LoginTest" name="loginAsBankManager" time="3.222"/>
</testsuite> <!-- com.w2a.testcases.LoginTest -->
