<?xml version="1.0" encoding="UTF-8"?>
<!-- Generated by org.testng.reporters.JUnitReportReporter -->
<testsuite hostname="LAPTOP-SNVRRDPU" failures="0" tests="1" name="com.w2a.testcases.AddCustomerTest" time="3.415" errors="0" timestamp="02 Jul 2021 00:25:08 GMT" skipped="0">
  <testcase classname="com.w2a.testcases.AddCustomerTest" name="addCustomer" time="3.415"/>
</testsuite> <!-- com.w2a.testcases.AddCustomerTest -->
